<?xml version="1.0" encoding="UTF-8"?>
<testsuite xmlns:xsi="http://www.w3.org/2001/XMLSchema-instance" xsi:noNamespaceSchemaLocation="https://maven.apache.org/surefire/maven-surefire-plugin/xsd/surefire-test-report.xsd" name="br.com.ligacao.persistence.model.VoluntarioDAOTest" time="9.469" tests="1" errors="0" skipped="0" failures="0">
  <properties>
    <property name="sun.desktop" value="windows"/>
    <property name="awt.toolkit" value="sun.awt.windows.WToolkit"/>
    <property name="java.specification.version" value="11"/>
    <property name="sun.cpu.isalist" value="amd64"/>
    <property name="sun.jnu.encoding" value="Cp1252"/>
    <property name="java.class.path" value="C:\Users\alice\Desktop\ligacao\target\test-classes;C:\Users\alice\Desktop\ligacao\target\classes;C:\Users\alice\.m2\repository\com\google\firebase\firebase-admin\6.9.0\firebase-admin-6.9.0.jar;C:\Users\alice\.m2\repository\com\google\api-client\google-api-client\1.30.1\google-api-client-1.30.1.jar;C:\Users\alice\.m2\repository\com\google\oauth-client\google-oauth-client\1.30.1\google-oauth-client-1.30.1.jar;C:\Users\alice\.m2\repository\com\google\api-client\google-api-client-gson\1.30.1\google-api-client-gson-1.30.1.jar;C:\Users\alice\.m2\repository\com\google\http-client\google-http-client-gson\1.30.1\google-http-client-gson-1.30.1.jar;C:\Users\alice\.m2\repository\com\google\code\gson\gson\2.8.5\gson-2.8.5.jar;C:\Users\alice\.m2\repository\com\google\http-client\google-http-client\1.30.1\google-http-client-1.30.1.jar;C:\Users\alice\.m2\repository\org\apache\httpcomponents\httpclient\4.5.8\httpclient-4.5.8.jar;C:\Users\alice\.m2\repository\org\apache\httpcomponents\httpcore\4.4.11\httpcore-4.4.11.jar;C:\Users\alice\.m2\repository\commons-logging\commons-logging\1.2\commons-logging-1.2.jar;C:\Users\alice\.m2\repository\commons-codec\commons-codec\1.11\commons-codec-1.11.jar;C:\Users\alice\.m2\repository\com\google\j2objc\j2objc-annotations\1.3\j2objc-annotations-1.3.jar;C:\Users\alice\.m2\repository\io\opencensus\opencensus-contrib-http-util\0.21.0\opencensus-contrib-http-util-0.21.0.jar;C:\Users\alice\.m2\repository\com\google\api\api-common\1.8.1\api-common-1.8.1.jar;C:\Users\alice\.m2\repository\com\google\cloud\google-cloud-storage\1.79.0\google-cloud-storage-1.79.0.jar;C:\Users\alice\.m2\repository\com\google\cloud\google-cloud-core-http\1.79.0\google-cloud-core-http-1.79.0.jar;C:\Users\alice\.m2\repository\com\google\http-client\google-http-client-appengine\1.30.1\google-http-client-appengine-1.30.1.jar;C:\Users\alice\.m2\repository\com\google\api\gax-httpjson\0.63.1\gax-httpjson-0.63.1.jar;C:\Users\alice\.m2\repository\com\google\apis\google-api-services-storage\v1-rev20190523-1.28.0\google-api-services-storage-v1-rev20190523-1.28.0.jar;C:\Users\alice\.m2\repository\com\google\guava\guava\26.0-android\guava-26.0-android.jar;C:\Users\alice\.m2\repository\org\checkerframework\checker-compat-qual\2.5.2\checker-compat-qual-2.5.2.jar;C:\Users\alice\.m2\repository\com\google\errorprone\error_prone_annotations\2.1.3\error_prone_annotations-2.1.3.jar;C:\Users\alice\.m2\repository\org\codehaus\mojo\animal-sniffer-annotations\1.14\animal-sniffer-annotations-1.14.jar;C:\Users\alice\.m2\repository\org\slf4j\slf4j-api\1.7.25\slf4j-api-1.7.25.jar;C:\Users\alice\.m2\repository\io\netty\netty-codec-http\4.1.34.Final\netty-codec-http-4.1.34.Final.jar;C:\Users\alice\.m2\repository\io\netty\netty-common\4.1.34.Final\netty-common-4.1.34.Final.jar;C:\Users\alice\.m2\repository\io\netty\netty-buffer\4.1.34.Final\netty-buffer-4.1.34.Final.jar;C:\Users\alice\.m2\repository\io\netty\netty-codec\4.1.34.Final\netty-codec-4.1.34.Final.jar;C:\Users\alice\.m2\repository\io\netty\netty-handler\4.1.34.Final\netty-handler-4.1.34.Final.jar;C:\Users\alice\.m2\repository\io\netty\netty-transport\4.1.34.Final\netty-transport-4.1.34.Final.jar;C:\Users\alice\.m2\repository\io\netty\netty-resolver\4.1.34.Final\netty-resolver-4.1.34.Final.jar;C:\Users\alice\.m2\repository\com\google\cloud\google-cloud-firestore\1.9.0\google-cloud-firestore-1.9.0.jar;C:\Users\alice\.m2\repository\com\google\cloud\google-cloud-core\1.79.0\google-cloud-core-1.79.0.jar;C:\Users\alice\.m2\repository\com\google\api\gax\1.46.1\gax-1.46.1.jar;C:\Users\alice\.m2\repository\com\google\protobuf\protobuf-java-util\3.7.1\protobuf-java-util-3.7.1.jar;C:\Users\alice\.m2\repository\com\google\api\grpc\proto-google-common-protos\1.16.0\proto-google-common-protos-1.16.0.jar;C:\Users\alice\.m2\repository\com\google\api\grpc\proto-google-iam-v1\0.12.0\proto-google-iam-v1-0.12.0.jar;C:\Users\alice\.m2\repository\com\google\cloud\google-cloud-core-grpc\1.79.0\google-cloud-core-grpc-1.79.0.jar;C:\Users\alice\.m2\repository\com\google\protobuf\protobuf-java\3.7.1\protobuf-java-3.7.1.jar;C:\Users\alice\.m2\repository\io\grpc\grpc-protobuf\1.21.0\grpc-protobuf-1.21.0.jar;C:\Users\alice\.m2\repository\io\grpc\grpc-protobuf-lite\1.21.0\grpc-protobuf-lite-1.21.0.jar;C:\Users\alice\.m2\repository\io\grpc\grpc-context\1.21.0\grpc-context-1.21.0.jar;C:\Users\alice\.m2\repository\com\google\api\gax-grpc\1.46.1\gax-grpc-1.46.1.jar;C:\Users\alice\.m2\repository\org\threeten\threetenbp\1.3.3\threetenbp-1.3.3.jar;C:\Users\alice\.m2\repository\io\grpc\grpc-alts\1.21.0\grpc-alts-1.21.0.jar;C:\Users\alice\.m2\repository\io\grpc\grpc-grpclb\1.21.0\grpc-grpclb-1.21.0.jar;C:\Users\alice\.m2\repository\org\apache\commons\commons-lang3\3.5\commons-lang3-3.5.jar;C:\Users\alice\.m2\repository\com\google\api\grpc\proto-google-cloud-firestore-admin-v1\1.9.0\proto-google-cloud-firestore-admin-v1-1.9.0.jar;C:\Users\alice\.m2\repository\com\google\api\grpc\proto-google-cloud-firestore-v1\1.9.0\proto-google-cloud-firestore-v1-1.9.0.jar;C:\Users\alice\.m2\repository\com\google\api\grpc\proto-google-cloud-firestore-v1beta1\0.62.0\proto-google-cloud-firestore-v1beta1-0.62.0.jar;C:\Users\alice\.m2\repository\io\grpc\grpc-netty-shaded\1.21.0\grpc-netty-shaded-1.21.0.jar;C:\Users\alice\.m2\repository\io\grpc\grpc-core\1.21.0\grpc-core-1.21.0.jar;C:\Users\alice\.m2\repository\com\google\android\annotations\4.1.1.4\annotations-4.1.1.4.jar;C:\Users\alice\.m2\repository\io\opencensus\opencensus-contrib-grpc-metrics\0.21.0\opencensus-contrib-grpc-metrics-0.21.0.jar;C:\Users\alice\.m2\repository\io\grpc\grpc-stub\1.21.0\grpc-stub-1.21.0.jar;C:\Users\alice\.m2\repository\io\grpc\grpc-api\1.21.0\grpc-api-1.21.0.jar;C:\Users\alice\.m2\repository\io\grpc\grpc-auth\1.21.0\grpc-auth-1.21.0.jar;C:\Users\alice\.m2\repository\io\opencensus\opencensus-api\0.21.0\opencensus-api-0.21.0.jar;C:\Users\alice\.m2\repository\io\opencensus\opencensus-contrib-grpc-util\0.21.0\opencensus-contrib-grpc-util-0.21.0.jar;C:\Users\alice\.m2\repository\javax\annotation\javax.annotation-api\1.3.2\javax.annotation-api-1.3.2.jar;C:\Users\alice\.m2\repository\com\google\auth\google-auth-library-oauth2-http\0.18.0\google-auth-library-oauth2-http-0.18.0.jar;C:\Users\alice\.m2\repository\com\google\auto\value\auto-value-annotations\1.6.6\auto-value-annotations-1.6.6.jar;C:\Users\alice\.m2\repository\com\google\code\findbugs\jsr305\3.0.2\jsr305-3.0.2.jar;C:\Users\alice\.m2\repository\com\google\auth\google-auth-library-credentials\0.18.0\google-auth-library-credentials-0.18.0.jar;C:\Users\alice\.m2\repository\com\google\http-client\google-http-client-jackson2\1.32.1\google-http-client-jackson2-1.32.1.jar;C:\Users\alice\.m2\repository\com\fasterxml\jackson\core\jackson-core\2.9.9\jackson-core-2.9.9.jar;C:\Users\alice\.m2\repository\org\junit\jupiter\junit-jupiter\5.5.2\junit-jupiter-5.5.2.jar;C:\Users\alice\.m2\repository\org\junit\jupiter\junit-jupiter-api\5.5.2\junit-jupiter-api-5.5.2.jar;C:\Users\alice\.m2\repository\org\apiguardian\apiguardian-api\1.1.0\apiguardian-api-1.1.0.jar;C:\Users\alice\.m2\repository\org\opentest4j\opentest4j\1.2.0\opentest4j-1.2.0.jar;C:\Users\alice\.m2\repository\org\junit\platform\junit-platform-commons\1.5.2\junit-platform-commons-1.5.2.jar;C:\Users\alice\.m2\repository\org\junit\jupiter\junit-jupiter-params\5.5.2\junit-jupiter-params-5.5.2.jar;C:\Users\alice\.m2\repository\org\junit\jupiter\junit-jupiter-engine\5.5.2\junit-jupiter-engine-5.5.2.jar;C:\Users\alice\.m2\repository\org\junit\platform\junit-platform-engine\1.5.2\junit-platform-engine-1.5.2.jar;C:\Users\alice\.m2\repository\javax\mail\mail\1.4.7\mail-1.4.7.jar;C:\Users\alice\.m2\repository\javax\activation\activation\1.1\activation-1.1.jar;C:\Users\alice\.m2\repository\com\github\stefanbirkner\system-rules\1.19.0\system-rules-1.19.0.jar;C:\Users\alice\.m2\repository\junit\junit\4.11-beta-1\junit-4.11-beta-1.jar;C:\Users\alice\.m2\repository\org\hamcrest\hamcrest-core\1.3\hamcrest-core-1.3.jar;"/>
    <property name="java.vm.vendor" value="Oracle Corporation"/>
    <property name="sun.arch.data.model" value="64"/>
    <property name="user.variant" value=""/>
    <property name="java.vendor.url" value="http://java.oracle.com/"/>
    <property name="user.timezone" value="America/Sao_Paulo"/>
    <property name="java.vm.specification.version" value="11"/>
    <property name="os.name" value="Windows 10"/>
    <property name="sun.java.launcher" value="SUN_STANDARD"/>
    <property name="user.country" value="BR"/>
    <property name="sun.boot.library.path" value="C:\Program Files\Java\jdk-11\bin"/>
    <property name="sun.java.command" value="C:\Users\alice\AppData\Local\Temp\surefire14750129881778978842\surefirebooter1564106127952980525.jar C:\Users\alice\AppData\Local\Temp\surefire14750129881778978842 2019-12-03T21-30-49_764-jvmRun1 surefire7284238543052533001tmp surefire_016737296098820512483tmp"/>
    <property name="jdk.debug" value="release"/>
    <property name="surefire.test.class.path" value="C:\Users\alice\Desktop\ligacao\target\test-classes;C:\Users\alice\Desktop\ligacao\target\classes;C:\Users\alice\.m2\repository\com\google\firebase\firebase-admin\6.9.0\firebase-admin-6.9.0.jar;C:\Users\alice\.m2\repository\com\google\api-client\google-api-client\1.30.1\google-api-client-1.30.1.jar;C:\Users\alice\.m2\repository\com\google\oauth-client\google-oauth-client\1.30.1\google-oauth-client-1.30.1.jar;C:\Users\alice\.m2\repository\com\google\api-client\google-api-client-gson\1.30.1\google-api-client-gson-1.30.1.jar;C:\Users\alice\.m2\repository\com\google\http-client\google-http-client-gson\1.30.1\google-http-client-gson-1.30.1.jar;C:\Users\alice\.m2\repository\com\google\code\gson\gson\2.8.5\gson-2.8.5.jar;C:\Users\alice\.m2\repository\com\google\http-client\google-http-client\1.30.1\google-http-client-1.30.1.jar;C:\Users\alice\.m2\repository\org\apache\httpcomponents\httpclient\4.5.8\httpclient-4.5.8.jar;C:\Users\alice\.m2\repository\org\apache\httpcomponents\httpcore\4.4.11\httpcore-4.4.11.jar;C:\Users\alice\.m2\repository\commons-logging\commons-logging\1.2\commons-logging-1.2.jar;C:\Users\alice\.m2\repository\commons-codec\commons-codec\1.11\commons-codec-1.11.jar;C:\Users\alice\.m2\repository\com\google\j2objc\j2objc-annotations\1.3\j2objc-annotations-1.3.jar;C:\Users\alice\.m2\repository\io\opencensus\opencensus-contrib-http-util\0.21.0\opencensus-contrib-http-util-0.21.0.jar;C:\Users\alice\.m2\repository\com\google\api\api-common\1.8.1\api-common-1.8.1.jar;C:\Users\alice\.m2\repository\com\google\cloud\google-cloud-storage\1.79.0\google-cloud-storage-1.79.0.jar;C:\Users\alice\.m2\repository\com\google\cloud\google-cloud-core-http\1.79.0\google-cloud-core-http-1.79.0.jar;C:\Users\alice\.m2\repository\com\google\http-client\google-http-client-appengine\1.30.1\google-http-client-appengine-1.30.1.jar;C:\Users\alice\.m2\repository\com\google\api\gax-httpjson\0.63.1\gax-httpjson-0.63.1.jar;C:\Users\alice\.m2\repository\com\google\apis\google-api-services-storage\v1-rev20190523-1.28.0\google-api-services-storage-v1-rev20190523-1.28.0.jar;C:\Users\alice\.m2\repository\com\google\guava\guava\26.0-android\guava-26.0-android.jar;C:\Users\alice\.m2\repository\org\checkerframework\checker-compat-qual\2.5.2\checker-compat-qual-2.5.2.jar;C:\Users\alice\.m2\repository\com\google\errorprone\error_prone_annotations\2.1.3\error_prone_annotations-2.1.3.jar;C:\Users\alice\.m2\repository\org\codehaus\mojo\animal-sniffer-annotations\1.14\animal-sniffer-annotations-1.14.jar;C:\Users\alice\.m2\repository\org\slf4j\slf4j-api\1.7.25\slf4j-api-1.7.25.jar;C:\Users\alice\.m2\repository\io\netty\netty-codec-http\4.1.34.Final\netty-codec-http-4.1.34.Final.jar;C:\Users\alice\.m2\repository\io\netty\netty-common\4.1.34.Final\netty-common-4.1.34.Final.jar;C:\Users\alice\.m2\repository\io\netty\netty-buffer\4.1.34.Final\netty-buffer-4.1.34.Final.jar;C:\Users\alice\.m2\repository\io\netty\netty-codec\4.1.34.Final\netty-codec-4.1.34.Final.jar;C:\Users\alice\.m2\repository\io\netty\netty-handler\4.1.34.Final\netty-handler-4.1.34.Final.jar;C:\Users\alice\.m2\repository\io\netty\netty-transport\4.1.34.Final\netty-transport-4.1.34.Final.jar;C:\Users\alice\.m2\repository\io\netty\netty-resolver\4.1.34.Final\netty-resolver-4.1.34.Final.jar;C:\Users\alice\.m2\repository\com\google\cloud\google-cloud-firestore\1.9.0\google-cloud-firestore-1.9.0.jar;C:\Users\alice\.m2\repository\com\google\cloud\google-cloud-core\1.79.0\google-cloud-core-1.79.0.jar;C:\Users\alice\.m2\repository\com\google\api\gax\1.46.1\gax-1.46.1.jar;C:\Users\alice\.m2\repository\com\google\protobuf\protobuf-java-util\3.7.1\protobuf-java-util-3.7.1.jar;C:\Users\alice\.m2\repository\com\google\api\grpc\proto-google-common-protos\1.16.0\proto-google-common-protos-1.16.0.jar;C:\Users\alice\.m2\repository\com\google\api\grpc\proto-google-iam-v1\0.12.0\proto-google-iam-v1-0.12.0.jar;C:\Users\alice\.m2\repository\com\google\cloud\google-cloud-core-grpc\1.79.0\google-cloud-core-grpc-1.79.0.jar;C:\Users\alice\.m2\repository\com\google\protobuf\protobuf-java\3.7.1\protobuf-java-3.7.1.jar;C:\Users\alice\.m2\repository\io\grpc\grpc-protobuf\1.21.0\grpc-protobuf-1.21.0.jar;C:\Users\alice\.m2\repository\io\grpc\grpc-protobuf-lite\1.21.0\grpc-protobuf-lite-1.21.0.jar;C:\Users\alice\.m2\repository\io\grpc\grpc-context\1.21.0\grpc-context-1.21.0.jar;C:\Users\alice\.m2\repository\com\google\api\gax-grpc\1.46.1\gax-grpc-1.46.1.jar;C:\Users\alice\.m2\repository\org\threeten\threetenbp\1.3.3\threetenbp-1.3.3.jar;C:\Users\alice\.m2\repository\io\grpc\grpc-alts\1.21.0\grpc-alts-1.21.0.jar;C:\Users\alice\.m2\repository\io\grpc\grpc-grpclb\1.21.0\grpc-grpclb-1.21.0.jar;C:\Users\alice\.m2\repository\org\apache\commons\commons-lang3\3.5\commons-lang3-3.5.jar;C:\Users\alice\.m2\repository\com\google\api\grpc\proto-google-cloud-firestore-admin-v1\1.9.0\proto-google-cloud-firestore-admin-v1-1.9.0.jar;C:\Users\alice\.m2\repository\com\google\api\grpc\proto-google-cloud-firestore-v1\1.9.0\proto-google-cloud-firestore-v1-1.9.0.jar;C:\Users\alice\.m2\repository\com\google\api\grpc\proto-google-cloud-firestore-v1beta1\0.62.0\proto-google-cloud-firestore-v1beta1-0.62.0.jar;C:\Users\alice\.m2\repository\io\grpc\grpc-netty-shaded\1.21.0\grpc-netty-shaded-1.21.0.jar;C:\Users\alice\.m2\repository\io\grpc\grpc-core\1.21.0\grpc-core-1.21.0.jar;C:\Users\alice\.m2\repository\com\google\android\annotations\4.1.1.4\annotations-4.1.1.4.jar;C:\Users\alice\.m2\repository\io\opencensus\opencensus-contrib-grpc-metrics\0.21.0\opencensus-contrib-grpc-metrics-0.21.0.jar;C:\Users\alice\.m2\repository\io\grpc\grpc-stub\1.21.0\grpc-stub-1.21.0.jar;C:\Users\alice\.m2\repository\io\grpc\grpc-api\1.21.0\grpc-api-1.21.0.jar;C:\Users\alice\.m2\repository\io\grpc\grpc-auth\1.21.0\grpc-auth-1.21.0.jar;C:\Users\alice\.m2\repository\io\opencensus\opencensus-api\0.21.0\opencensus-api-0.21.0.jar;C:\Users\alice\.m2\repository\io\opencensus\opencensus-contrib-grpc-util\0.21.0\opencensus-contrib-grpc-util-0.21.0.jar;C:\Users\alice\.m2\repository\javax\annotation\javax.annotation-api\1.3.2\javax.annotation-api-1.3.2.jar;C:\Users\alice\.m2\repository\com\google\auth\google-auth-library-oauth2-http\0.18.0\google-auth-library-oauth2-http-0.18.0.jar;C:\Users\alice\.m2\repository\com\google\auto\value\auto-value-annotations\1.6.6\auto-value-annotations-1.6.6.jar;C:\Users\alice\.m2\repository\com\google\code\findbugs\jsr305\3.0.2\jsr305-3.0.2.jar;C:\Users\alice\.m2\repository\com\google\auth\google-auth-library-credentials\0.18.0\google-auth-library-credentials-0.18.0.jar;C:\Users\alice\.m2\repository\com\google\http-client\google-http-client-jackson2\1.32.1\google-http-client-jackson2-1.32.1.jar;C:\Users\alice\.m2\repository\com\fasterxml\jackson\core\jackson-core\2.9.9\jackson-core-2.9.9.jar;C:\Users\alice\.m2\repository\org\junit\jupiter\junit-jupiter\5.5.2\junit-jupiter-5.5.2.jar;C:\Users\alice\.m2\repository\org\junit\jupiter\junit-jupiter-api\5.5.2\junit-jupiter-api-5.5.2.jar;C:\Users\alice\.m2\repository\org\apiguardian\apiguardian-api\1.1.0\apiguardian-api-1.1.0.jar;C:\Users\alice\.m2\repository\org\opentest4j\opentest4j\1.2.0\opentest4j-1.2.0.jar;C:\Users\alice\.m2\repository\org\junit\platform\junit-platform-commons\1.5.2\junit-platform-commons-1.5.2.jar;C:\Users\alice\.m2\repository\org\junit\jupiter\junit-jupiter-params\5.5.2\junit-jupiter-params-5.5.2.jar;C:\Users\alice\.m2\repository\org\junit\jupiter\junit-jupiter-engine\5.5.2\junit-jupiter-engine-5.5.2.jar;C:\Users\alice\.m2\repository\org\junit\platform\junit-platform-engine\1.5.2\junit-platform-engine-1.5.2.jar;C:\Users\alice\.m2\repository\javax\mail\mail\1.4.7\mail-1.4.7.jar;C:\Users\alice\.m2\repository\javax\activation\activation\1.1\activation-1.1.jar;C:\Users\alice\.m2\repository\com\github\stefanbirkner\system-rules\1.19.0\system-rules-1.19.0.jar;C:\Users\alice\.m2\repository\junit\junit\4.11-beta-1\junit-4.11-beta-1.jar;C:\Users\alice\.m2\repository\org\hamcrest\hamcrest-core\1.3\hamcrest-core-1.3.jar;"/>
    <property name="sun.cpu.endian" value="little"/>
    <property name="user.home" value="C:\Users\alice"/>
    <property name="user.language" value="pt"/>
    <property name="java.specification.vendor" value="Oracle Corporation"/>
    <property name="java.version.date" value="2018-09-25"/>
    <property name="java.home" value="C:\Program Files\Java\jdk-11"/>
    <property name="file.separator" value="\"/>
    <property name="basedir" value="C:\Users\alice\Desktop\ligacao"/>
    <property name="java.vm.compressedOopsMode" value="32-bit"/>
    <property name="line.separator" value="&#10;"/>
    <property name="java.specification.name" value="Java Platform API Specification"/>
    <property name="java.vm.specification.vendor" value="Oracle Corporation"/>
    <property name="java.awt.graphicsenv" value="sun.awt.Win32GraphicsEnvironment"/>
    <property name="surefire.real.class.path" value="C:\Users\alice\AppData\Local\Temp\surefire14750129881778978842\surefirebooter1564106127952980525.jar"/>
    <property name="user.script" value=""/>
    <property name="sun.management.compiler" value="HotSpot 64-Bit Tiered Compilers"/>
    <property name="java.runtime.version" value="11+28"/>
    <property name="user.name" value="alice"/>
    <property name="path.separator" value=";"/>
    <property name="os.version" value="10.0"/>
    <property name="java.runtime.name" value="Java(TM) SE Runtime Environment"/>
    <property name="file.encoding" value="Cp1252"/>
    <property name="java.vm.name" value="Java HotSpot(TM) 64-Bit Server VM"/>
    <property name="java.vendor.version" value="18.9"/>
    <property name="localRepository" value="C:\Users\alice\.m2\repository"/>
    <property name="java.vendor.url.bug" value="http://bugreport.java.com/bugreport/"/>
    <property name="java.io.tmpdir" value="C:\Users\alice\AppData\Local\Temp\"/>
    <property name="java.version" value="11"/>
    <property name="user.dir" value="C:\Users\alice\Desktop\ligacao"/>
    <property name="os.arch" value="amd64"/>
    <property name="java.vm.specification.name" value="Java Virtual Machine Specification"/>
    <property name="java.awt.printerjob" value="sun.awt.windows.WPrinterJob"/>
    <property name="sun.os.patch.level" value=""/>
    <property name="java.library.path" value="C:\Program Files\Java\jdk-11\bin;C:\WINDOWS\Sun\Java\bin;C:\WINDOWS\system32;C:\WINDOWS;C:\Users\alice\bin;C:\Program Files\Git\mingw64\bin;C:\Program Files\Git\usr\local\bin;C:\Program Files\Git\usr\bin;C:\Program Files\Git\usr\bin;C:\Program Files\Git\mingw64\bin;C:\Program Files\Git\usr\bin;C:\Users\alice\bin;C:\Program Files (x86)\Embarcadero\Studio\19.0\bin;C:\Users\Public\Documents\Embarcadero\Studio\19.0\Bpl;C:\Program Files (x86)\Embarcadero\Studio\19.0\bin64;C:\Users\Public\Documents\Embarcadero\Studio\19.0\Bpl\Win64;C:\Program Files (x86)\Intel\Intel(R) Management Engine Components\iCLS;C:\Program Files\Intel\Intel(R) Management Engine Components\iCLS;C:\WINDOWS\system32;C:\WINDOWS;C:\WINDOWS\System32\Wbem;C:\WINDOWS\System32\WindowsPowerShell\v1.0;C:\Program Files (x86)\Intel\Intel(R) Management Engine Components\DAL;C:\Program Files\Intel\Intel(R) Management Engine Components\DAL;C:\Program Files (x86)\Intel\Intel(R) Management Engine Components\IPT;C:\Program Files\Intel\Intel(R) Management Engine Components\IPT;C:\WINDOWS\System32\OpenSSH;C:\Program Files\Git\cmd;C:\Program Files\nodejs;C:\Program Files\Java\jdk-11\bin;C:\Program Files\apache-maven-3.6.1\bin;C:\Program Files (x86)\Windows Kits\10\Windows Performance Toolkit;C:\Program Files (x86)\Yarn\bin;C:\Program Files\JetBrains\IntelliJ IDEA 2019.1.2\bin;C:\Program Files\MongoDB\Server\4.2\bin;%SystemRoot%\system32;%SystemRoot%;%SystemRoot%\System32\Wbem;%SYSTEMROOT%\System32\WindowsPowerShell\v1.0;%SYSTEMROOT%\System32\OpenSSH;C:\Users\alice\AppData\Local\Programs\Python\Python37-32\Scripts;C:\Users\alice\AppData\Local\Programs\Python\Python37-32;C:\Users\alice\AppData\Local\Microsoft\WindowsApps;C:\Users\alice\AppData\Local\Programs\Microsoft VS Code\bin;C:\Program Files\Git\;C:\Program Files\MySQL\MySQL Server 8.0\bin;C:\Users\alice\AppData\Roaming\npm;%WebStorm%;C:\Program Files\JetBrains\IntelliJ IDEA 2019.1.2\bin;C:\Users\alice\AppData\Local\Yarn\bin;C:\Program Files\JetBrains\IntelliJ IDEA 2019.1.2\bin;C:\Program Files\Git\usr\bin\vendor_perl;C:\Program Files\Git\usr\bin\core_perl;."/>
    <property name="java.vendor" value="Oracle Corporation"/>
    <property name="java.vm.info" value="mixed mode"/>
    <property name="java.vm.version" value="11+28"/>
    <property name="sun.io.unicode.encoding" value="UnicodeLittle"/>
    <property name="java.class.version" value="55.0"/>
  </properties>
  <testcase name="testDAOVoluntario" classname="br.com.ligacao.persistence.model.VoluntarioDAOTest" time="9.467"/>
</testsuite>